<?xml version="1.0" encoding="UTF-8"?>
<!-- Generated by org.testng.reporters.JUnitXMLReporter -->
<testsuite hostname="DESKTOP-SFM659O" ignored="0" name="Application Test1" tests="4" failures="1" timestamp="12 May 2018 02:17:38 GMT" time="19.196" errors="0">
  <testcase name="testMethod1" time="0.006" classname="testNGTestCases.TestNG_TestClass1"/>
  <testcase name="testMethod2" time="0.001" classname="testNGTestCases.TestNG_TestClass1"/>
  <testcase name="testMethod1" time="0.331" classname="testNGTestCases.TestNG_TestClass2">
    <failure type="org.openqa.selenium.ElementClickInterceptedException" message="Element &amp;lt;button id=&amp;quot;comp-iiqg1vggactionTitle&amp;quot; class=&amp;quot;style-jfvrzksuactionTitle&amp;quot;&amp;gt; is not clickable at point (1177.0999755859375,101) because another element &amp;lt;div id=&amp;quot;comp-jgmoxwr2inlineContent&amp;quot; class=&amp;quot;style-jgmoxwrminlineContent&amp;quot;&amp;gt; obscures it
Build info: version: &amp;apos;3.11.0&amp;apos;, revision: &amp;apos;e59cfb3&amp;apos;, time: &amp;apos;2018-03-11T20:26:55.152Z&amp;apos;
System info: host: &amp;apos;DESKTOP-SFM659O&amp;apos;, ip: &amp;apos;192.168.1.7&amp;apos;, os.name: &amp;apos;Windows 10&amp;apos;, os.arch: &amp;apos;amd64&amp;apos;, os.version: &amp;apos;10.0&amp;apos;, java.version: &amp;apos;1.8.0_162&amp;apos;
Driver info: org.openqa.selenium.firefox.FirefoxDriver
Capabilities {acceptInsecureCerts: true, browserName: firefox, browserVersion: 59.0.2, javascriptEnabled: true, moz:accessibilityChecks: false, moz:headless: false, moz:processID: 9864, moz:profile: C:\Users\Anil\AppData\Local..., moz:useNonSpecCompliantPointerOrigin: false, moz:webdriverClick: true, pageLoadStrategy: normal, platform: XP, platformName: XP, platformVersion: 10.0, rotatable: false, timeouts: {implicit: 0, pageLoad: 300000, script: 30000}}
Session ID: 4f08b77f-54b6-4f0e-96fc-149f3fa69ee7">
      <![CDATA[org.openqa.selenium.ElementClickInterceptedException: Element <button id="comp-iiqg1vggactionTitle" class="style-jfvrzksuactionTitle"> is not clickable at point (1177.0999755859375,101) because another element <div id="comp-jgmoxwr2inlineContent" class="style-jgmoxwrminlineContent"> obscures it
Build info: version: '3.11.0', revision: 'e59cfb3', time: '2018-03-11T20:26:55.152Z'
System info: host: 'DESKTOP-SFM659O', ip: '192.168.1.7', os.name: 'Windows 10', os.arch: 'amd64', os.version: '10.0', java.version: '1.8.0_162'
Driver info: org.openqa.selenium.firefox.FirefoxDriver
Capabilities {acceptInsecureCerts: true, browserName: firefox, browserVersion: 59.0.2, javascriptEnabled: true, moz:accessibilityChecks: false, moz:headless: false, moz:processID: 9864, moz:profile: C:\Users\Anil\AppData\Local..., moz:useNonSpecCompliantPointerOrigin: false, moz:webdriverClick: true, pageLoadStrategy: normal, platform: XP, platformName: XP, platformVersion: 10.0, rotatable: false, timeouts: {implicit: 0, pageLoad: 300000, script: 30000}}
Session ID: 4f08b77f-54b6-4f0e-96fc-149f3fa69ee7
at org.openqa.selenium.remote.http.W3CHttpResponseCodec.createException(W3CHttpResponseCodec.java:187)
at org.openqa.selenium.remote.http.W3CHttpResponseCodec.decode(W3CHttpResponseCodec.java:122)
at org.openqa.selenium.remote.http.W3CHttpResponseCodec.decode(W3CHttpResponseCodec.java:49)
at org.openqa.selenium.remote.HttpCommandExecutor.execute(HttpCommandExecutor.java:158)
at org.openqa.selenium.remote.service.DriverCommandExecutor.execute(DriverCommandExecutor.java:83)
at org.openqa.selenium.remote.RemoteWebDriver.execute(RemoteWebDriver.java:545)
at org.openqa.selenium.remote.RemoteWebElement.execute(RemoteWebElement.java:279)
at org.openqa.selenium.remote.RemoteWebElement.click(RemoteWebElement.java:83)
at pageClasses.HomePage.clickSignUpLink(HomePage.java:26)
at pageClasses.HomePage.login(HomePage.java:88)
at testNGTestCases.TestNG_TestClass2.testMethod1(TestNG_TestClass2.java:56)
... Removed 29 stack frames]]>
    </failure>
  </testcase> <!-- testMethod1 -->
  <testcase name="testMethod2" time="0.002" classname="testNGTestCases.TestNG_TestClass2"/>
</testsuite> <!-- Application Test1 -->
